<?xml version="1.0" encoding="UTF-8"?>
<!-- Generated by org.testng.reporters.JUnitXMLReporter -->
<testsuite hostname="03RNBL-14R0TQ1" ignored="0" name="SmokeTest" tests="1" failures="1" timestamp="20 Mar 2018 19:12:59 GMT" time="95.101" errors="0">
  <testcase name="dropdowntest" time="94.696" classname="Testscript.Dropdown_ex">
    <failure type="java.lang.NullPointerException">
      <![CDATA[java.lang.NullPointerException
at org.openqa.selenium.support.ui.ExpectedConditions.elementIfVisible(ExpectedConditions.java:315)
at org.openqa.selenium.support.ui.ExpectedConditions.access$100(ExpectedConditions.java:44)
at org.openqa.selenium.support.ui.ExpectedConditions$10.apply(ExpectedConditions.java:301)
at org.openqa.selenium.support.ui.ExpectedConditions$10.apply(ExpectedConditions.java:298)
at org.openqa.selenium.support.ui.ExpectedConditions$23.apply(ExpectedConditions.java:686)
at org.openqa.selenium.support.ui.ExpectedConditions$23.apply(ExpectedConditions.java:682)
at org.openqa.selenium.support.ui.FluentWait.until(FluentWait.java:248)
at Testscript.Dropdown_ex.dropdowntest(Dropdown_ex.java:30)
... Removed 25 stack frames]]>
    </failure>
  </testcase> <!-- dropdowntest -->
</testsuite> <!-- SmokeTest -->
