<?xml version="1.0" encoding="UTF-8"?>
<!-- Generated by org.testng.reporters.JUnitXMLReporter -->
<testsuite hostname="03RNBL-14R0TQ1" ignored="1" name="Test" tests="2" failures="0" timestamp="30 Mar 2018 22:32:42 GMT" time="149.25" errors="0">
  <testcase name="login" time="18.715" classname="TestScripts.Logintomakemytrip"/>
  <testcase name="MakeBookings" time="87.894" classname="TestScripts.Makeabooking"/>
  <testcase name="@BeforeTest initialize" time="0.0" classname="TestScripts.BaseClass">
    <ignored/>
  </testcase> <!-- @BeforeTest initialize -->
</testsuite> <!-- Test -->
